<?xml version="1.0" encoding="utf-8"?>
<shfbBuild product="Sandcastle Help File Builder" version="1.9.4.0" projectFile="D:\awillkomm\projekte\Uni\grosse_prog\API\WegplanungAPI.shfbproj" started="24.05.2012 15:57:24">
<buildStep step="Initializing">
</buildStep>
<buildStep step="FindingTools">
Finding tools...
Found Sandcastle tools in &#39;C:\Program Files (x86)\Sandcastle\&#39;
</buildStep>
<buildStep step="ValidatingDocumentationSources">
Validating and copying documentation source information
Source: D:\awillkomm\projekte\Uni\grosse_prog\Wegplanung\Wegplanung.sln
    Found project &#39;D:\awillkomm\projekte\Uni\grosse_prog\Wegplanung\Wegplanung\Wegplanung.csproj&#39;

Parsing project files
    Found assembly &#39;D:\awillkomm\projekte\Uni\grosse_prog\Wegplanung\Wegplanung\bin\Release\Wegplanung.exe&#39;

References to use:
    Microsoft.CSharp
    System
    System.Core
    System.Data
    System.Data.DataSetExtensions
    System.Xml
    System.Xml.Linq

Copying XML comments files
    D:\awillkomm\projekte\Uni\grosse_prog\Wegplanung\Wegplanung\bin\Release\Wegplanung.XML -&gt; D:\awillkomm\projekte\Uni\grosse_prog\API\Help\Working\Wegplanung.XML
</buildStep>
<buildStep step="GenerateSharedContent">
Generating shared content files (de-DE, Deutsch (Deutschland))...
SHFB: Warning BE0003: Sandcastle shared content for the &#39;de-DE, Deutsch (Deutschland)&#39; language could not be found.  Using &#39;en-US, English (US)&#39; defaults.
    Last step completed in 00:00:00.2652
</buildStep>
<buildStep step="GenerateApiFilter">
Generating API filter for MRefBuilder...
    Last step completed in 00:00:00.0624
</buildStep>
<buildStep step="GenerateReflectionInfo">
Generating reflection information...
[C:\Windows\Microsoft.NET\Framework64\v4.0.30319\MSBuild.exe]
  MRefBuilder (v2.7.0.0)
  Copyright &#184; 2006-2012, Microsoft Corporation, All Rights Reserved
  Info: Loaded 1 assemblies for reflection and 7 dependency assemblies.
  Info: Wrote information on 2 namespaces, 6 types, and 36 members
  XslTransform (v2.7.0.0)
  Copyright &#184; 2006-2012, Microsoft Corporation, All Rights Reserved
  Info: Applying XSL transformation &#39;C:\Program Files (x86)\Sandcastle\ProductionTransforms\MergeDuplicates.xsl&#39;.
    Last step completed in 00:00:02.9172
</buildStep>
<buildStep step="GenerateNamespaceSummaries">
Generating namespace summary information...
    Last step completed in 00:00:00.0624
</buildStep>
<buildStep step="ApplyVisibilityProperties">
Applying visibility properties to reflection information file
    0 attribute nodes removed
    0 explicit interface implementations removed
    0 local and base class EII elements removed
    15 inherited member elements removed
    0 private fields noted for removal
    0 private framework fields noted for removal
    Last step completed in 00:00:00.0468
</buildStep>
<buildStep step="TransformReflectionInfo">
Transforming reflection output...
[C:\Windows\Microsoft.NET\Framework64\v4.0.30319\MSBuild.exe]
  XslTransform (v2.7.0.0)
  Copyright &#184; 2006-2012, Microsoft Corporation, All Rights Reserved
  Info: Applying XSL transformation &#39;C:\Program Files (x86)\Sandcastle\ProductionTransforms\ApplyVSDocModel.xsl&#39;.
  Info: Applying XSL transformation &#39;C:\Program Files (x86)\Sandcastle\ProductionTransforms\AddGuidFilenames.xsl&#39;.
  XslTransform (v2.7.0.0)
  Copyright &#184; 2006-2012, Microsoft Corporation, All Rights Reserved
  Info: Applying XSL transformation &#39;C:\Program Files (x86)\Sandcastle\ProductionTransforms\ReflectionToManifest.xsl&#39;.
    Last step completed in 00:00:01.7316
</buildStep>
<buildStep step="ModifyHelpTopicFilenames">
Modifying help topic filenames in reflection information file
    No changes required
    Last step completed in 00:00:00.0156
</buildStep>
<buildStep step="CopyStandardContent">
Copying standard help content...
C:\Program Files (x86)\Sandcastle\Presentation\vs2005\icons\adm.gif -&gt; D:\awillkomm\projekte\Uni\grosse_prog\API\Help\Working\Output\Website\icons\adm.gif
C:\Program Files (x86)\Sandcastle\Presentation\vs2005\icons\adm_arch.gif -&gt; D:\awillkomm\projekte\Uni\grosse_prog\API\Help\Working\Output\Website\icons\adm_arch.gif
C:\Program Files (x86)\Sandcastle\Presentation\vs2005\icons\adm_dev.gif -&gt; D:\awillkomm\projekte\Uni\grosse_prog\API\Help\Working\Output\Website\icons\adm_dev.gif
C:\Program Files (x86)\Sandcastle\Presentation\vs2005\icons\adm_dev_arch.gif -&gt; D:\awillkomm\projekte\Uni\grosse_prog\API\Help\Working\Output\Website\icons\adm_dev_arch.gif
C:\Program Files (x86)\Sandcastle\Presentation\vs2005\icons\alert_caution.gif -&gt; D:\awillkomm\projekte\Uni\grosse_prog\API\Help\Working\Output\Website\icons\alert_caution.gif
C:\Program Files (x86)\Sandcastle\Presentation\vs2005\icons\alert_note.gif -&gt; D:\awillkomm\projekte\Uni\grosse_prog\API\Help\Working\Output\Website\icons\alert_note.gif
C:\Program Files (x86)\Sandcastle\Presentation\vs2005\icons\alert_security.gif -&gt; D:\awillkomm\projekte\Uni\grosse_prog\API\Help\Working\Output\Website\icons\alert_security.gif
C:\Program Files (x86)\Sandcastle\Presentation\vs2005\icons\arch.gif -&gt; D:\awillkomm\projekte\Uni\grosse_prog\API\Help\Working\Output\Website\icons\arch.gif
C:\Program Files (x86)\Sandcastle\Presentation\vs2005\icons\big_adm.gif -&gt; D:\awillkomm\projekte\Uni\grosse_prog\API\Help\Working\Output\Website\icons\big_adm.gif
C:\Program Files (x86)\Sandcastle\Presentation\vs2005\icons\big_arch.gif -&gt; D:\awillkomm\projekte\Uni\grosse_prog\API\Help\Working\Output\Website\icons\big_arch.gif
C:\Program Files (x86)\Sandcastle\Presentation\vs2005\icons\big_dev.gif -&gt; D:\awillkomm\projekte\Uni\grosse_prog\API\Help\Working\Output\Website\icons\big_dev.gif
C:\Program Files (x86)\Sandcastle\Presentation\vs2005\icons\big_kw.gif -&gt; D:\awillkomm\projekte\Uni\grosse_prog\API\Help\Working\Output\Website\icons\big_kw.gif
C:\Program Files (x86)\Sandcastle\Presentation\vs2005\icons\box.gif -&gt; D:\awillkomm\projekte\Uni\grosse_prog\API\Help\Working\Output\Website\icons\box.gif
C:\Program Files (x86)\Sandcastle\Presentation\vs2005\icons\Caution.gif -&gt; D:\awillkomm\projekte\Uni\grosse_prog\API\Help\Working\Output\Website\icons\Caution.gif
C:\Program Files (x86)\Sandcastle\Presentation\vs2005\icons\CFW.gif -&gt; D:\awillkomm\projekte\Uni\grosse_prog\API\Help\Working\Output\Website\icons\CFW.gif
C:\Program Files (x86)\Sandcastle\Presentation\vs2005\icons\collall.gif -&gt; D:\awillkomm\projekte\Uni\grosse_prog\API\Help\Working\Output\Website\icons\collall.gif
C:\Program Files (x86)\Sandcastle\Presentation\vs2005\icons\collapse.gif -&gt; D:\awillkomm\projekte\Uni\grosse_prog\API\Help\Working\Output\Website\icons\collapse.gif
C:\Program Files (x86)\Sandcastle\Presentation\vs2005\icons\collapse_all.gif -&gt; D:\awillkomm\projekte\Uni\grosse_prog\API\Help\Working\Output\Website\icons\collapse_all.gif
C:\Program Files (x86)\Sandcastle\Presentation\vs2005\icons\copycode.gif -&gt; D:\awillkomm\projekte\Uni\grosse_prog\API\Help\Working\Output\Website\icons\copycode.gif
C:\Program Files (x86)\Sandcastle\Presentation\vs2005\icons\copycodeHighlight.gif -&gt; D:\awillkomm\projekte\Uni\grosse_prog\API\Help\Working\Output\Website\icons\copycodeHighlight.gif
C:\Program Files (x86)\Sandcastle\Presentation\vs2005\icons\dev.gif -&gt; D:\awillkomm\projekte\Uni\grosse_prog\API\Help\Working\Output\Website\icons\dev.gif
C:\Program Files (x86)\Sandcastle\Presentation\vs2005\icons\dev_arch.gif -&gt; D:\awillkomm\projekte\Uni\grosse_prog\API\Help\Working\Output\Website\icons\dev_arch.gif
C:\Program Files (x86)\Sandcastle\Presentation\vs2005\icons\dropdown.gif -&gt; D:\awillkomm\projekte\Uni\grosse_prog\API\Help\Working\Output\Website\icons\dropdown.gif
C:\Program Files (x86)\Sandcastle\Presentation\vs2005\icons\dropdownHover.gif -&gt; D:\awillkomm\projekte\Uni\grosse_prog\API\Help\Working\Output\Website\icons\dropdownHover.gif
C:\Program Files (x86)\Sandcastle\Presentation\vs2005\icons\drpdown.gif -&gt; D:\awillkomm\projekte\Uni\grosse_prog\API\Help\Working\Output\Website\icons\drpdown.gif
C:\Program Files (x86)\Sandcastle\Presentation\vs2005\icons\drpdown_orange.gif -&gt; D:\awillkomm\projekte\Uni\grosse_prog\API\Help\Working\Output\Website\icons\drpdown_orange.gif
C:\Program Files (x86)\Sandcastle\Presentation\vs2005\icons\drpdown_orange_up.gif -&gt; D:\awillkomm\projekte\Uni\grosse_prog\API\Help\Working\Output\Website\icons\drpdown_orange_up.gif
C:\Program Files (x86)\Sandcastle\Presentation\vs2005\icons\drpup.gif -&gt; D:\awillkomm\projekte\Uni\grosse_prog\API\Help\Working\Output\Website\icons\drpup.gif
C:\Program Files (x86)\Sandcastle\Presentation\vs2005\icons\exp.gif -&gt; D:\awillkomm\projekte\Uni\grosse_prog\API\Help\Working\Output\Website\icons\exp.gif
C:\Program Files (x86)\Sandcastle\Presentation\vs2005\icons\expall.gif -&gt; D:\awillkomm\projekte\Uni\grosse_prog\API\Help\Working\Output\Website\icons\expall.gif
C:\Program Files (x86)\Sandcastle\Presentation\vs2005\icons\expand_all.gif -&gt; D:\awillkomm\projekte\Uni\grosse_prog\API\Help\Working\Output\Website\icons\expand_all.gif
C:\Program Files (x86)\Sandcastle\Presentation\vs2005\icons\filter1a.gif -&gt; D:\awillkomm\projekte\Uni\grosse_prog\API\Help\Working\Output\Website\icons\filter1a.gif
C:\Program Files (x86)\Sandcastle\Presentation\vs2005\icons\filter1c.gif -&gt; D:\awillkomm\projekte\Uni\grosse_prog\API\Help\Working\Output\Website\icons\filter1c.gif
C:\Program Files (x86)\Sandcastle\Presentation\vs2005\icons\footer.gif -&gt; D:\awillkomm\projekte\Uni\grosse_prog\API\Help\Working\Output\Website\icons\footer.gif
C:\Program Files (x86)\Sandcastle\Presentation\vs2005\icons\gradient.gif -&gt; D:\awillkomm\projekte\Uni\grosse_prog\API\Help\Working\Output\Website\icons\gradient.gif
C:\Program Files (x86)\Sandcastle\Presentation\vs2005\icons\greencheck.gif -&gt; D:\awillkomm\projekte\Uni\grosse_prog\API\Help\Working\Output\Website\icons\greencheck.gif
C:\Program Files (x86)\Sandcastle\Presentation\vs2005\icons\greychck.gif -&gt; D:\awillkomm\projekte\Uni\grosse_prog\API\Help\Working\Output\Website\icons\greychck.gif
C:\Program Files (x86)\Sandcastle\Presentation\vs2005\icons\header_prev_next.jpg -&gt; D:\awillkomm\projekte\Uni\grosse_prog\API\Help\Working\Output\Website\icons\header_prev_next.jpg
C:\Program Files (x86)\Sandcastle\Presentation\vs2005\icons\header_sql_tutorial_blank.jpg -&gt; D:\awillkomm\projekte\Uni\grosse_prog\API\Help\Working\Output\Website\icons\header_sql_tutorial_blank.jpg
C:\Program Files (x86)\Sandcastle\Presentation\vs2005\icons\header_sql_tutorial_logo.GIF -&gt; D:\awillkomm\projekte\Uni\grosse_prog\API\Help\Working\Output\Website\icons\header_sql_tutorial_logo.GIF
C:\Program Files (x86)\Sandcastle\Presentation\vs2005\icons\kw.gif -&gt; D:\awillkomm\projekte\Uni\grosse_prog\API\Help\Working\Output\Website\icons\kw.gif
C:\Program Files (x86)\Sandcastle\Presentation\vs2005\icons\kw_adm.gif -&gt; D:\awillkomm\projekte\Uni\grosse_prog\API\Help\Working\Output\Website\icons\kw_adm.gif
C:\Program Files (x86)\Sandcastle\Presentation\vs2005\icons\kw_adm_arch.gif -&gt; D:\awillkomm\projekte\Uni\grosse_prog\API\Help\Working\Output\Website\icons\kw_adm_arch.gif
C:\Program Files (x86)\Sandcastle\Presentation\vs2005\icons\kw_adm_dev.gif -&gt; D:\awillkomm\projekte\Uni\grosse_prog\API\Help\Working\Output\Website\icons\kw_adm_dev.gif
C:\Program Files (x86)\Sandcastle\Presentation\vs2005\icons\kw_adm_dev_arch.gif -&gt; D:\awillkomm\projekte\Uni\grosse_prog\API\Help\Working\Output\Website\icons\kw_adm_dev_arch.gif
C:\Program Files (x86)\Sandcastle\Presentation\vs2005\icons\kw_arch.gif -&gt; D:\awillkomm\projekte\Uni\grosse_prog\API\Help\Working\Output\Website\icons\kw_arch.gif
C:\Program Files (x86)\Sandcastle\Presentation\vs2005\icons\kw_dev.gif -&gt; D:\awillkomm\projekte\Uni\grosse_prog\API\Help\Working\Output\Website\icons\kw_dev.gif
C:\Program Files (x86)\Sandcastle\Presentation\vs2005\icons\kw_dev_arch.gif -&gt; D:\awillkomm\projekte\Uni\grosse_prog\API\Help\Working\Output\Website\icons\kw_dev_arch.gif
C:\Program Files (x86)\Sandcastle\Presentation\vs2005\icons\LastChild.gif -&gt; D:\awillkomm\projekte\Uni\grosse_prog\API\Help\Working\Output\Website\icons\LastChild.gif
C:\Program Files (x86)\Sandcastle\Presentation\vs2005\icons\load.gif -&gt; D:\awillkomm\projekte\Uni\grosse_prog\API\Help\Working\Output\Website\icons\load.gif
C:\Program Files (x86)\Sandcastle\Presentation\vs2005\icons\load_hover.gif -&gt; D:\awillkomm\projekte\Uni\grosse_prog\API\Help\Working\Output\Website\icons\load_hover.gif
C:\Program Files (x86)\Sandcastle\Presentation\vs2005\icons\note.gif -&gt; D:\awillkomm\projekte\Uni\grosse_prog\API\Help\Working\Output\Website\icons\note.gif
C:\Program Files (x86)\Sandcastle\Presentation\vs2005\icons\pencil.GIF -&gt; D:\awillkomm\projekte\Uni\grosse_prog\API\Help\Working\Output\Website\icons\pencil.GIF
C:\Program Files (x86)\Sandcastle\Presentation\vs2005\icons\privclass.gif -&gt; D:\awillkomm\projekte\Uni\grosse_prog\API\Help\Working\Output\Website\icons\privclass.gif
C:\Program Files (x86)\Sandcastle\Presentation\vs2005\icons\privdelegate.gif -&gt; D:\awillkomm\projekte\Uni\grosse_prog\API\Help\Working\Output\Website\icons\privdelegate.gif
C:\Program Files (x86)\Sandcastle\Presentation\vs2005\icons\privenum.gif -&gt; D:\awillkomm\projekte\Uni\grosse_prog\API\Help\Working\Output\Website\icons\privenum.gif
C:\Program Files (x86)\Sandcastle\Presentation\vs2005\icons\privenumeration.gif -&gt; D:\awillkomm\projekte\Uni\grosse_prog\API\Help\Working\Output\Website\icons\privenumeration.gif
C:\Program Files (x86)\Sandcastle\Presentation\vs2005\icons\privevent.gif -&gt; D:\awillkomm\projekte\Uni\grosse_prog\API\Help\Working\Output\Website\icons\privevent.gif
C:\Program Files (x86)\Sandcastle\Presentation\vs2005\icons\privextension.gif -&gt; D:\awillkomm\projekte\Uni\grosse_prog\API\Help\Working\Output\Website\icons\privextension.gif
C:\Program Files (x86)\Sandcastle\Presentation\vs2005\icons\privfield.gif -&gt; D:\awillkomm\projekte\Uni\grosse_prog\API\Help\Working\Output\Website\icons\privfield.gif
C:\Program Files (x86)\Sandcastle\Presentation\vs2005\icons\privinterface.gif -&gt; D:\awillkomm\projekte\Uni\grosse_prog\API\Help\Working\Output\Website\icons\privinterface.gif
C:\Program Files (x86)\Sandcastle\Presentation\vs2005\icons\privmethod.gif -&gt; D:\awillkomm\projekte\Uni\grosse_prog\API\Help\Working\Output\Website\icons\privmethod.gif
C:\Program Files (x86)\Sandcastle\Presentation\vs2005\icons\privproperty.gif -&gt; D:\awillkomm\projekte\Uni\grosse_prog\API\Help\Working\Output\Website\icons\privproperty.gif
C:\Program Files (x86)\Sandcastle\Presentation\vs2005\icons\privstructure.gif -&gt; D:\awillkomm\projekte\Uni\grosse_prog\API\Help\Working\Output\Website\icons\privstructure.gif
C:\Program Files (x86)\Sandcastle\Presentation\vs2005\icons\protclass.gif -&gt; D:\awillkomm\projekte\Uni\grosse_prog\API\Help\Working\Output\Website\icons\protclass.gif
C:\Program Files (x86)\Sandcastle\Presentation\vs2005\icons\protdelegate.gif -&gt; D:\awillkomm\projekte\Uni\grosse_prog\API\Help\Working\Output\Website\icons\protdelegate.gif
C:\Program Files (x86)\Sandcastle\Presentation\vs2005\icons\protenum.gif -&gt; D:\awillkomm\projekte\Uni\grosse_prog\API\Help\Working\Output\Website\icons\protenum.gif
C:\Program Files (x86)\Sandcastle\Presentation\vs2005\icons\protenumeration.gif -&gt; D:\awillkomm\projekte\Uni\grosse_prog\API\Help\Working\Output\Website\icons\protenumeration.gif
C:\Program Files (x86)\Sandcastle\Presentation\vs2005\icons\protevent.gif -&gt; D:\awillkomm\projekte\Uni\grosse_prog\API\Help\Working\Output\Website\icons\protevent.gif
C:\Program Files (x86)\Sandcastle\Presentation\vs2005\icons\protextension.gif -&gt; D:\awillkomm\projekte\Uni\grosse_prog\API\Help\Working\Output\Website\icons\protextension.gif
C:\Program Files (x86)\Sandcastle\Presentation\vs2005\icons\protfield.gif -&gt; D:\awillkomm\projekte\Uni\grosse_prog\API\Help\Working\Output\Website\icons\protfield.gif
C:\Program Files (x86)\Sandcastle\Presentation\vs2005\icons\protinterface.gif -&gt; D:\awillkomm\projekte\Uni\grosse_prog\API\Help\Working\Output\Website\icons\protinterface.gif
C:\Program Files (x86)\Sandcastle\Presentation\vs2005\icons\protmethod.gif -&gt; D:\awillkomm\projekte\Uni\grosse_prog\API\Help\Working\Output\Website\icons\protmethod.gif
C:\Program Files (x86)\Sandcastle\Presentation\vs2005\icons\protoperator.gif -&gt; D:\awillkomm\projekte\Uni\grosse_prog\API\Help\Working\Output\Website\icons\protoperator.gif
C:\Program Files (x86)\Sandcastle\Presentation\vs2005\icons\protproperty.gif -&gt; D:\awillkomm\projekte\Uni\grosse_prog\API\Help\Working\Output\Website\icons\protproperty.gif
C:\Program Files (x86)\Sandcastle\Presentation\vs2005\icons\protstructure.gif -&gt; D:\awillkomm\projekte\Uni\grosse_prog\API\Help\Working\Output\Website\icons\protstructure.gif
C:\Program Files (x86)\Sandcastle\Presentation\vs2005\icons\pubclass.gif -&gt; D:\awillkomm\projekte\Uni\grosse_prog\API\Help\Working\Output\Website\icons\pubclass.gif
C:\Program Files (x86)\Sandcastle\Presentation\vs2005\icons\pubdelegate.gif -&gt; D:\awillkomm\projekte\Uni\grosse_prog\API\Help\Working\Output\Website\icons\pubdelegate.gif
C:\Program Files (x86)\Sandcastle\Presentation\vs2005\icons\pubenum.gif -&gt; D:\awillkomm\projekte\Uni\grosse_prog\API\Help\Working\Output\Website\icons\pubenum.gif
C:\Program Files (x86)\Sandcastle\Presentation\vs2005\icons\pubenumeration.gif -&gt; D:\awillkomm\projekte\Uni\grosse_prog\API\Help\Working\Output\Website\icons\pubenumeration.gif
C:\Program Files (x86)\Sandcastle\Presentation\vs2005\icons\pubevent.gif -&gt; D:\awillkomm\projekte\Uni\grosse_prog\API\Help\Working\Output\Website\icons\pubevent.gif
C:\Program Files (x86)\Sandcastle\Presentation\vs2005\icons\pubextension.gif -&gt; D:\awillkomm\projekte\Uni\grosse_prog\API\Help\Working\Output\Website\icons\pubextension.gif
C:\Program Files (x86)\Sandcastle\Presentation\vs2005\icons\pubfield.gif -&gt; D:\awillkomm\projekte\Uni\grosse_prog\API\Help\Working\Output\Website\icons\pubfield.gif
C:\Program Files (x86)\Sandcastle\Presentation\vs2005\icons\pubinterface.gif -&gt; D:\awillkomm\projekte\Uni\grosse_prog\API\Help\Working\Output\Website\icons\pubinterface.gif
C:\Program Files (x86)\Sandcastle\Presentation\vs2005\icons\pubmethod.gif -&gt; D:\awillkomm\projekte\Uni\grosse_prog\API\Help\Working\Output\Website\icons\pubmethod.gif
C:\Program Files (x86)\Sandcastle\Presentation\vs2005\icons\puboperator.gif -&gt; D:\awillkomm\projekte\Uni\grosse_prog\API\Help\Working\Output\Website\icons\puboperator.gif
C:\Program Files (x86)\Sandcastle\Presentation\vs2005\icons\pubproperty.gif -&gt; D:\awillkomm\projekte\Uni\grosse_prog\API\Help\Working\Output\Website\icons\pubproperty.gif
C:\Program Files (x86)\Sandcastle\Presentation\vs2005\icons\pubstructure.gif -&gt; D:\awillkomm\projekte\Uni\grosse_prog\API\Help\Working\Output\Website\icons\pubstructure.gif
C:\Program Files (x86)\Sandcastle\Presentation\vs2005\icons\requirements1a.gif -&gt; D:\awillkomm\projekte\Uni\grosse_prog\API\Help\Working\Output\Website\icons\requirements1a.gif
C:\Program Files (x86)\Sandcastle\Presentation\vs2005\icons\requirements1c.gif -&gt; D:\awillkomm\projekte\Uni\grosse_prog\API\Help\Working\Output\Website\icons\requirements1c.gif
C:\Program Files (x86)\Sandcastle\Presentation\vs2005\icons\save.gif -&gt; D:\awillkomm\projekte\Uni\grosse_prog\API\Help\Working\Output\Website\icons\save.gif
C:\Program Files (x86)\Sandcastle\Presentation\vs2005\icons\save_hover.gif -&gt; D:\awillkomm\projekte\Uni\grosse_prog\API\Help\Working\Output\Website\icons\save_hover.gif
C:\Program Files (x86)\Sandcastle\Presentation\vs2005\icons\security.gif -&gt; D:\awillkomm\projekte\Uni\grosse_prog\API\Help\Working\Output\Website\icons\security.gif
C:\Program Files (x86)\Sandcastle\Presentation\vs2005\icons\seealso1a.gif -&gt; D:\awillkomm\projekte\Uni\grosse_prog\API\Help\Working\Output\Website\icons\seealso1a.gif
C:\Program Files (x86)\Sandcastle\Presentation\vs2005\icons\seealso1c.gif -&gt; D:\awillkomm\projekte\Uni\grosse_prog\API\Help\Working\Output\Website\icons\seealso1c.gif
C:\Program Files (x86)\Sandcastle\Presentation\vs2005\icons\slMobile.gif -&gt; D:\awillkomm\projekte\Uni\grosse_prog\API\Help\Working\Output\Website\icons\slMobile.gif
C:\Program Files (x86)\Sandcastle\Presentation\vs2005\icons\static.gif -&gt; D:\awillkomm\projekte\Uni\grosse_prog\API\Help\Working\Output\Website\icons\static.gif
C:\Program Files (x86)\Sandcastle\Presentation\vs2005\icons\xna.gif -&gt; D:\awillkomm\projekte\Uni\grosse_prog\API\Help\Working\Output\Website\icons\xna.gif
C:\Program Files (x86)\Sandcastle\Presentation\vs2005\scripts\CheckboxMenu.js -&gt; D:\awillkomm\projekte\Uni\grosse_prog\API\Help\Working\Output\Website\scripts\CheckboxMenu.js
C:\Program Files (x86)\Sandcastle\Presentation\vs2005\scripts\CommonUtilities.js -&gt; D:\awillkomm\projekte\Uni\grosse_prog\API\Help\Working\Output\Website\scripts\CommonUtilities.js
C:\Program Files (x86)\Sandcastle\Presentation\vs2005\scripts\Dropdown.js -&gt; D:\awillkomm\projekte\Uni\grosse_prog\API\Help\Working\Output\Website\scripts\Dropdown.js
C:\Program Files (x86)\Sandcastle\Presentation\vs2005\scripts\EventUtilities.js -&gt; D:\awillkomm\projekte\Uni\grosse_prog\API\Help\Working\Output\Website\scripts\EventUtilities.js
C:\Program Files (x86)\Sandcastle\Presentation\vs2005\scripts\script_feedBack.js -&gt; D:\awillkomm\projekte\Uni\grosse_prog\API\Help\Working\Output\Website\scripts\script_feedBack.js
C:\Program Files (x86)\Sandcastle\Presentation\vs2005\scripts\script_manifold.js -&gt; D:\awillkomm\projekte\Uni\grosse_prog\API\Help\Working\Output\Website\scripts\script_manifold.js
C:\Program Files (x86)\Sandcastle\Presentation\vs2005\scripts\SplitScreen.js -&gt; D:\awillkomm\projekte\Uni\grosse_prog\API\Help\Working\Output\Website\scripts\SplitScreen.js
C:\Program Files (x86)\Sandcastle\Presentation\vs2005\styles\Presentation.css -&gt; D:\awillkomm\projekte\Uni\grosse_prog\API\Help\Working\Output\Website\styles\Presentation.css
C:\Program Files (x86)\Sandcastle\Presentation\vs2005\styles\Whidbey\Presentation.css -&gt; D:\awillkomm\projekte\Uni\grosse_prog\API\Help\Working\Output\Website\styles\Whidbey\Presentation.css
    Last step completed in 00:00:01.3728
</buildStep>
<buildStep step="CopyAdditionalContent">
Copying additional content files...
No additional content to copy
    Last step completed in 00:00:00.0156
</buildStep>
<buildStep step="MergeTablesOfContents">
Merging conceptual and additional tables of contents...
    Last step completed in 00:00:00.0000
</buildStep>
<buildStep step="GenerateIntermediateTableOfContents">
Generating intermediate table of contents file...
[C:\Windows\Microsoft.NET\Framework64\v4.0.30319\MSBuild.exe]
  XslTransform (v2.7.0.0)
  Copyright &#184; 2006-2012, Microsoft Corporation, All Rights Reserved
  Info: Applying XSL transformation &#39;C:\Program Files (x86)\Sandcastle\ProductionTransforms\CreateVSToc.xsl&#39;.
Generating conceptual content intermediate TOC file...
    Last step completed in 00:00:00.4368
</buildStep>
<buildStep step="CreateBuildAssemblerConfigs">
Creating Sandcastle configuration files...
    sandcastle.config
    Last step completed in 00:00:00.0936
</buildStep>
<buildStep step="MergeCustomConfigs">
Merging custom build component configurations
D:\awillkomm\projekte\Uni\grosse_prog\API\Help\Working\sandcastle.config
    Last step completed in 00:00:00.1092
</buildStep>
<buildStep step="BuildReferenceTopics">
Building reference help topics...
[C:\Windows\Microsoft.NET\Framework64\v4.0.30319\MSBuild.exe]
  BuildAssembler (v2.7.0.0)
  Copyright &#184; 2006-2012, Microsoft Corporation, All Rights Reserved
  Info: CopyFromFileComponent: Instantiating component.
  Info: CopyFromFileComponent: Loading data file &#39;C:\Program Files (x86)\Sandcastle\Presentation\vs2005\Transforms\skeleton.xml&#39;.
  Info: CopyFromIndexComponent: Instantiating component.
  Info: CopyFromIndexComponent: Searching for files that match &#39;*.xml&#39; in &#39;C:\Program Files (x86)\Sandcastle\Data\Reflection&#39;.
  Info: CopyFromIndexComponent: Searching for files that match &#39;reflection.xml&#39;.
  Info: CopyFromIndexComponent: Indexed 194742 elements in 420 files.
  Info: CopyFromIndexComponent: Loaded 0 copy components.
  Info: CopyFromIndexComponent: Instantiating component.
  Info: CopyFromIndexComponent: Loaded 0 copy components.
  Info: ForEachComponent: Instantiating component.
  Info: ForEachComponent: Loading subcomponents.
  Info: CopyFromIndexComponent: Instantiating component.
  Info: CopyFromIndexComponent: Loaded 0 copy components.
  Info: ForEachComponent: Loaded 1 subcomponents.
  Info: ForEachComponent: Instantiating component.
  Info: ForEachComponent: Loading subcomponents.
  Info: CopyFromIndexComponent: Instantiating component.
  Info: CopyFromIndexComponent: Loaded 0 copy components.
  Info: ForEachComponent: Loaded 1 subcomponents.
  Info: ForEachComponent: Instantiating component.
  Info: ForEachComponent: Loading subcomponents.
  Info: CopyFromIndexComponent: Instantiating component.
  Info: CopyFromIndexComponent: Loaded 0 copy components.
  Info: ForEachComponent: Loaded 1 subcomponents.
  Info: ForEachComponent: Instantiating component.
  Info: ForEachComponent: Loading subcomponents.
  Info: CopyFromIndexComponent: Instantiating component.
  Info: CopyFromIndexComponent: Loaded 0 copy components.
  Info: ForEachComponent: Loaded 1 subcomponents.
  Info: ForEachComponent: Instantiating component.
  Info: ForEachComponent: Loading subcomponents.
  Info: CopyFromIndexComponent: Instantiating component.
  Info: CopyFromIndexComponent: Loaded 0 copy components.
  Info: ForEachComponent: Loaded 1 subcomponents.
  Info: ForEachComponent: Instantiating component.
  Info: ForEachComponent: Loading subcomponents.
  Info: CopyFromIndexComponent: Instantiating component.
  Info: CopyFromIndexComponent: Loaded 0 copy components.
  Info: ForEachComponent: Loaded 1 subcomponents.
  Info: ForEachComponent: Instantiating component.
  Info: ForEachComponent: Loading subcomponents.
  Info: CopyFromIndexComponent: Instantiating component.
  Info: CopyFromIndexComponent: Loaded 0 copy components.
  Info: ForEachComponent: Loaded 1 subcomponents.
  Info: IfThenComponent: Instantiating component.
  Info: SyntaxComponent: Instantiating component.
  Info: SyntaxComponent: Loaded 3 syntax generators.
  Info: CopyFromIndexComponent: Instantiating component.
  Info: CopyFromIndexComponent: Searching for files that match &#39;*.xml&#39; in &#39;C:\Program Files (x86)\Reference Assemblies\Microsoft\Framework\.NETFramework\v4.0\de&#39;.
  Info: CopyFromIndexComponent: Searching for files that match &#39;*.xml&#39; in &#39;C:\Program Files (x86)\Reference Assemblies\Microsoft\FSharp\2.0\Runtime\v4.0&#39;.
  Info: CopyFromIndexComponent: Searching for files that match &#39;D:\awillkomm\projekte\Uni\grosse_prog\API\Help\Working\Wegplanung.XML&#39;.
  Info: CopyFromIndexComponent: Indexed 145379 elements in 127 files.
  Info: CopyFromIndexComponent: Loaded 0 copy components.
  Info: ForEachComponent: Instantiating component.
  Info: ForEachComponent: Loading subcomponents.
  Info: IfThenComponent: Instantiating component.
  Info: CopyFromIndexComponent: Instantiating component.
  Info: CopyFromIndexComponent: Loaded 0 copy components.
  Info: CopyFromIndexComponent: Instantiating component.
  Info: CopyFromIndexComponent: Loaded 0 copy components.
  Info: ForEachComponent: Loaded 2 subcomponents.
  Info: CopyFromIndexComponent: Instantiating component.
  Info: CopyFromIndexComponent: Loaded 0 copy components.
  Info: ShowMissingComponent: Instantiating component.
  Info: ShowMissingComponent: 
      [Sandcastle Help File Builder, version 1.9.4.0]
      Show Missing Documentation Component. Copyright &#184; 2006-2012, Eric Woodruff, All Rights Reserved
      http://SHFB.CodePlex.com
  Info: VersionInfoComponent: Instantiating component.
  Info: VersionInfoComponent: 
      [Sandcastle Help File Builder, version 1.9.4.0]
      Version Information Component. Copyright &#184; 2006-2012, Eric Woodruff, All Rights Reserved
      http://SHFB.CodePlex.com
  Info: CodeBlockComponent: Instantiating component.
  Info: CodeBlockComponent: 
      [Sandcastle Help File Builder, version 1.9.4.0]
      Code Block Component. Copyright &#184; 2006-2012, Eric Woodruff, All Rights Reserved.
      Portions copyright (c) 2003, Jonathan de Halleux, All rights reserved.
      http://SHFB.CodePlex.com
  Info: TransformComponent: Instantiating component.
  Info: PostTransformComponent: Instantiating component.
  Info: PostTransformComponent: 
      [Sandcastle Help File Builder, version 1.9.4.0]
      Post-Transform Component. Copyright &#184; 2006-2012, Eric Woodruff, All Rights Reserved
      http://SHFB.CodePlex.com
  Info: MultiFormatOutputComponent: Instantiating component.
  Info: MultiFormatOutputComponent: 
      [Sandcastle Help File Builder, version 1.9.4.0]
      Multi-Format Output Component. Copyright &#184; 2006-2012, Eric Woodruff, All Rights Reserved
      http://SHFB.CodePlex.com
  Info: MultiFormatOutputComponent: Loading components for Website format
  Info: SharedContentComponent: Instantiating component.
  Info: SharedContentComponent: Searching for files that match &#39;C:\Program Files (x86)\Sandcastle\Presentation\vs2005\content\shared_content.xml&#39;.
  Info: SharedContentComponent: Loading shared content file &#39;C:\Program Files (x86)\Sandcastle\Presentation\vs2005\content\shared_content.xml&#39;.
  Info: SharedContentComponent: Found 1 files in C:\Program Files (x86)\Sandcastle\Presentation\vs2005\content\shared_content.xml.
  Info: SharedContentComponent: Searching for files that match &#39;C:\Program Files (x86)\Sandcastle\Presentation\vs2005\content\reference_content.xml&#39;.
  Info: SharedContentComponent: Loading shared content file &#39;C:\Program Files (x86)\Sandcastle\Presentation\vs2005\content\reference_content.xml&#39;.
  Info: SharedContentComponent: Found 1 files in C:\Program Files (x86)\Sandcastle\Presentation\vs2005\content\reference_content.xml.
  Info: SharedContentComponent: Searching for files that match &#39;C:\Program Files (x86)\Sandcastle\Presentation\shared\content\syntax_content.xml&#39;.
  Info: SharedContentComponent: Loading shared content file &#39;C:\Program Files (x86)\Sandcastle\Presentation\shared\content\syntax_content.xml&#39;.
  Info: SharedContentComponent: Found 1 files in C:\Program Files (x86)\Sandcastle\Presentation\shared\content\syntax_content.xml.
  Info: SharedContentComponent: Searching for files that match &#39;C:\Program Files (x86)\Sandcastle\Presentation\vs2005\content\feedback_content.xml&#39;.
  Info: SharedContentComponent: Loading shared content file &#39;C:\Program Files (x86)\Sandcastle\Presentation\vs2005\content\feedBack_content.xml&#39;.
  Info: SharedContentComponent: Found 1 files in C:\Program Files (x86)\Sandcastle\Presentation\vs2005\content\feedback_content.xml.
  Info: SharedContentComponent: Searching for files that match &#39;SharedBuilderContent.xml&#39;.
  Info: SharedContentComponent: Loading shared content file &#39;D:\awillkomm\projekte\Uni\grosse_prog\API\Help\Working\SharedBuilderContent.xml&#39;.
  Info: SharedContentComponent: Overriding shared content item &#39;roottopictitle&#39; with value in file &#39;D:\awillkomm\projekte\Uni\grosse_prog\API\Help\Working\SharedBuilderContent.xml&#39;.
  Info: SharedContentComponent: Overriding shared content item &#39;runningheadertext&#39; with value in file &#39;D:\awillkomm\projekte\Uni\grosse_prog\API\Help\Working\SharedBuilderContent.xml&#39;.
  Info: SharedContentComponent: Overriding shared content item &#39;locationinformation&#39; with value in file &#39;D:\awillkomm\projekte\Uni\grosse_prog\API\Help\Working\SharedBuilderContent.xml&#39;.
  Info: SharedContentComponent: Overriding shared content item &#39;assemblynameandmodule&#39; with value in file &#39;D:\awillkomm\projekte\Uni\grosse_prog\API\Help\Working\SharedBuilderContent.xml&#39;.
  Info: SharedContentComponent: Overriding shared content item &#39;copycode&#39; with value in file &#39;D:\awillkomm\projekte\Uni\grosse_prog\API\Help\Working\SharedBuilderContent.xml&#39;.
  Info: SharedContentComponent: Overriding shared content item &#39;locale&#39; with value in file &#39;D:\awillkomm\projekte\Uni\grosse_prog\API\Help\Working\SharedBuilderContent.xml&#39;.
  Info: SharedContentComponent: Found 1 files in SharedBuilderContent.xml.
  Info: SharedContentComponent: Searching for files that match &#39;PresentationStyleBuilderContent.xml&#39;.
  Info: SharedContentComponent: Loading shared content file &#39;D:\awillkomm\projekte\Uni\grosse_prog\API\Help\Working\PresentationStyleBuilderContent.xml&#39;.
  Info: SharedContentComponent: Overriding shared content item &#39;header&#39; with value in file &#39;D:\awillkomm\projekte\Uni\grosse_prog\API\Help\Working\PresentationStyleBuilderContent.xml&#39;.
  Info: SharedContentComponent: Overriding shared content item &#39;footer&#39; with value in file &#39;D:\awillkomm\projekte\Uni\grosse_prog\API\Help\Working\PresentationStyleBuilderContent.xml&#39;.
  Info: SharedContentComponent: Overriding shared content item &#39;fb_alias&#39; with value in file &#39;D:\awillkomm\projekte\Uni\grosse_prog\API\Help\Working\PresentationStyleBuilderContent.xml&#39;.
  Info: SharedContentComponent: Overriding shared content item &#39;fb_product&#39; with value in file &#39;D:\awillkomm\projekte\Uni\grosse_prog\API\Help\Working\PresentationStyleBuilderContent.xml&#39;.
  Info: SharedContentComponent: Overriding shared content item &#39;fb_body&#39; with value in file &#39;D:\awillkomm\projekte\Uni\grosse_prog\API\Help\Working\PresentationStyleBuilderContent.xml&#39;.
  Info: SharedContentComponent: Overriding shared content item &#39;fb_send&#39; with value in file &#39;D:\awillkomm\projekte\Uni\grosse_prog\API\Help\Working\PresentationStyleBuilderContent.xml&#39;.
  Info: SharedContentComponent: Overriding shared content item &#39;fb_headerfeedback&#39; with value in file &#39;D:\awillkomm\projekte\Uni\grosse_prog\API\Help\Working\PresentationStyleBuilderContent.xml&#39;.
  Info: SharedContentComponent: Overriding shared content item &#39;feedback_alias&#39; with value in file &#39;D:\awillkomm\projekte\Uni\grosse_prog\API\Help\Working\PresentationStyleBuilderContent.xml&#39;.
  Info: SharedContentComponent: Overriding shared content item &#39;feedback_product&#39; with value in file &#39;D:\awillkomm\projekte\Uni\grosse_prog\API\Help\Working\PresentationStyleBuilderContent.xml&#39;.
  Info: SharedContentComponent: Overriding shared content item &#39;feedback_body&#39; with value in file &#39;D:\awillkomm\projekte\Uni\grosse_prog\API\Help\Working\PresentationStyleBuilderContent.xml&#39;.
  Info: SharedContentComponent: Found 1 files in PresentationStyleBuilderContent.xml.
  Info: SharedContentComponent: Loaded 641 shared content items.
  Info: ResolveConceptualLinksComponent: Instantiating component.
  Info: ResolveConceptualLinksComponent: Collected 1 targets directories.
  Info: ResolveReferenceLinksComponent2: Instantiating component.
  Info: ResolveReferenceLinksComponent2: Creating MSDN URL resolver.
  Info: ResolveReferenceLinksComponent2: Searching directory &#39;C:\Program Files (x86)\Sandcastle\Data\Reflection&#39; for targets files of the form &#39;*.xml&#39;.
  Info: ResolveReferenceLinksComponent2: Searching directory &#39;D:\awillkomm\projekte\Uni\grosse_prog\API\Help\Working&#39; for targets files of the form &#39;reflection.xml&#39;.
  Info: ResolveReferenceLinksComponent2: Loaded 194742 reference targets.
  Info: SaveComponent: Instantiating component.
  Info: BuildAssembler: Building topic N:
  Info: BuildAssembler: Building topic T:&lt;Module&gt;
  Warn: ShowMissingComponent: Missing &lt;summary&gt; documentation for T:&lt;Module&gt;
  Info: BuildAssembler: Building topic N:Wegplanung
  Info: BuildAssembler: Building topic T:Wegplanung.Ausgabe
  Info: BuildAssembler: Building topic AllMembers.T:Wegplanung.Ausgabe
  Info: ShowMissingComponent: Auto-documenting constructor M:Wegplanung.Ausgabe.#ctor
  Info: BuildAssembler: Building topic Methods.T:Wegplanung.Ausgabe
  Info: BuildAssembler: Building topic Overload:Wegplanung.Ausgabe.ErgebnisAusgabe
  Info: BuildAssembler: Building topic M:Wegplanung.Ausgabe.#ctor
  Info: ShowMissingComponent: Auto-documenting constructor M:Wegplanung.Ausgabe.#ctor
  Info: BuildAssembler: Building topic M:Wegplanung.Ausgabe.AdjazenzMatrixAusgabe(Wegplanung.Ergebnis)
  Info: BuildAssembler: Building topic M:Wegplanung.Ausgabe.ErgebnisAusgabe(System.IO.StreamWriter,Wegplanung.Ergebnis)
  Info: BuildAssembler: Building topic M:Wegplanung.Ausgabe.ErgebnisAusgabe(Wegplanung.Ergebnis)
  Info: BuildAssembler: Building topic M:Wegplanung.Ausgabe.ErgebnisDateiAusgabe(System.String,Wegplanung.Ergebnis)
  Info: BuildAssembler: Building topic M:Wegplanung.Ausgabe.FehlerAusgabe(System.String,System.String)
  Info: BuildAssembler: Building topic M:Wegplanung.Ausgabe.FeldAusgabe(Wegplanung.Ergebnis)
  Info: BuildAssembler: Building topic M:Wegplanung.Ausgabe.StringAusgabe(System.String)
  Info: BuildAssembler: Building topic T:Wegplanung.Eingabe
  Info: BuildAssembler: Building topic AllMembers.T:Wegplanung.Eingabe
  Info: ShowMissingComponent: Auto-documenting constructor M:Wegplanung.Eingabe.#ctor
  Info: BuildAssembler: Building topic Methods.T:Wegplanung.Eingabe
  Info: BuildAssembler: Building topic M:Wegplanung.Eingabe.#ctor
  Info: ShowMissingComponent: Auto-documenting constructor M:Wegplanung.Eingabe.#ctor
  Info: BuildAssembler: Building topic M:Wegplanung.Eingabe.DateiEinlesen(System.String,Wegplanung.Ergebnis)
  Info: BuildAssembler: Building topic M:Wegplanung.Eingabe.FeldUmwandeln(Wegplanung.Ergebnis)
  Info: BuildAssembler: Building topic T:Wegplanung.Ergebnis
  Info: BuildAssembler: Building topic AllMembers.T:Wegplanung.Ergebnis
  Info: ShowMissingComponent: Auto-documenting constructor M:Wegplanung.Ergebnis.#ctor
  Info: BuildAssembler: Building topic Methods.T:Wegplanung.Ergebnis
  Info: BuildAssembler: Building topic Fields.T:Wegplanung.Ergebnis
  Info: BuildAssembler: Building topic M:Wegplanung.Ergebnis.#ctor
  Info: ShowMissingComponent: Auto-documenting constructor M:Wegplanung.Ergebnis.#ctor
  Info: BuildAssembler: Building topic F:Wegplanung.Ergebnis.AdjazenzMatrix
  Info: BuildAssembler: Building topic F:Wegplanung.Ergebnis.Feld
  Info: BuildAssembler: Building topic F:Wegplanung.Ergebnis.iKostenAbsch
  Info: BuildAssembler: Building topic F:Wegplanung.Ergebnis.iKostenMinimal
  Info: BuildAssembler: Building topic F:Wegplanung.Ergebnis.iStartknoten
  Info: BuildAssembler: Building topic F:Wegplanung.Ergebnis.iZielknoten
  Info: BuildAssembler: Building topic M:Wegplanung.Ergebnis.KnotenZuIndex(System.Int32,System.Int32)
  Info: BuildAssembler: Building topic F:Wegplanung.Ergebnis.kuerzesterWeg
  Info: BuildAssembler: Building topic F:Wegplanung.Ergebnis.si
  Info: BuildAssembler: Building topic F:Wegplanung.Ergebnis.sk
  Info: BuildAssembler: Building topic F:Wegplanung.Ergebnis.sKommentar
  Info: BuildAssembler: Building topic M:Wegplanung.Ergebnis.SpalteZuKnoten(System.Int32)
  Info: BuildAssembler: Building topic M:Wegplanung.Ergebnis.ZeileZuKnoten(System.Int32)
  Info: BuildAssembler: Building topic F:Wegplanung.Ergebnis.zi
  Info: BuildAssembler: Building topic F:Wegplanung.Ergebnis.zk
  Info: BuildAssembler: Building topic T:Wegplanung.Konstante
  Info: BuildAssembler: Building topic AllMembers.T:Wegplanung.Konstante
  Info: ShowMissingComponent: Auto-documenting constructor M:Wegplanung.Konstante.#ctor
  Info: BuildAssembler: Building topic Methods.T:Wegplanung.Konstante
  Info: BuildAssembler: Building topic Fields.T:Wegplanung.Konstante
  Info: BuildAssembler: Building topic M:Wegplanung.Konstante.#ctor
  Info: ShowMissingComponent: Auto-documenting constructor M:Wegplanung.Konstante.#ctor
  Info: BuildAssembler: Building topic F:Wegplanung.Konstante.KEIN_VORGAENGER
  Info: BuildAssembler: Building topic F:Wegplanung.Konstante.MAX_SPALTE
  Info: BuildAssembler: Building topic F:Wegplanung.Konstante.MAX_ZEILE
  Info: BuildAssembler: Building topic F:Wegplanung.Konstante.UNENDLICH
  Info: BuildAssembler: Building topic T:Wegplanung.Program
  Info: BuildAssembler: Building topic AllMembers.T:Wegplanung.Program
  Info: ShowMissingComponent: Auto-documenting constructor M:Wegplanung.Program.#ctor
  Info: BuildAssembler: Building topic Methods.T:Wegplanung.Program
  Info: BuildAssembler: Building topic M:Wegplanung.Program.#ctor
  Info: ShowMissingComponent: Auto-documenting constructor M:Wegplanung.Program.#ctor
  Info: BuildAssembler: Building topic M:Wegplanung.Program.KostenAbsch(Wegplanung.Ergebnis)
  Info: BuildAssembler: Building topic M:Wegplanung.Program.KostenMinimal(Wegplanung.Ergebnis)
  Info: BuildAssembler: Building topic M:Wegplanung.Program.Main(System.String[])
  Info: Processed 57 topics
    Last step completed in 00:01:07.5757
</buildStep>
<buildStep step="CombiningIntermediateTocFiles">
Combining conceptual and API intermediate TOC files...

Clearing any prior web output
    Last step completed in 00:00:00.2184
</buildStep>
<buildStep step="ExtractingHtmlInfo">
Extracting HTML info for HTML Help 1 and/or website...
[C:\Windows\Microsoft.NET\Framework64\v4.0.30319\MSBuild.exe]
Sandcastle Help File Builder, version 1.9.4.0
Copyright &#184; 2006-2012, Eric Woodruff, All Rights Reserved
E-Mail: Eric@EWoodruff.us

Using LCID &#39;1031&#39;, code page &#39;1252&#39;, encoding charset &#39;Windows-1252&#39;.

Processing website files in D:\awillkomm\projekte\Uni\grosse_prog\API\Help\Working\Output\Website
Processed 57 HTML files
Sorting keywords and generating See Also indices
Saving website keyword index to D:\awillkomm\projekte\Uni\grosse_prog\API\Help\Working\WebKI.xml
Saving website table of contents to D:\awillkomm\projekte\Uni\grosse_prog\API\Help\Working\WebTOC.xml
    Last step completed in 00:00:01.7316
</buildStep>
<buildStep step="GenerateHelpFormatTableOfContents">
Generating website table of contents file...
    Last step completed in 00:00:00.0000
</buildStep>
<buildStep step="GenerateFullTextIndex">
Generating full-text index for the website...

    Last step completed in 00:00:00.8892
</buildStep>
<buildStep step="CopyingWebsiteFiles">
Copying website files to output folder...

D:\awillkomm\projekte\Uni\grosse_prog\API\Help\Working\Output\Website\fti\FTI_100.json -&gt; D:\awillkomm\projekte\Uni\grosse_prog\API\Help\fti\FTI_100.json
D:\awillkomm\projekte\Uni\grosse_prog\API\Help\Working\Output\Website\fti\FTI_101.json -&gt; D:\awillkomm\projekte\Uni\grosse_prog\API\Help\fti\FTI_101.json
D:\awillkomm\projekte\Uni\grosse_prog\API\Help\Working\Output\Website\fti\FTI_102.json -&gt; D:\awillkomm\projekte\Uni\grosse_prog\API\Help\fti\FTI_102.json
D:\awillkomm\projekte\Uni\grosse_prog\API\Help\Working\Output\Website\fti\FTI_103.json -&gt; D:\awillkomm\projekte\Uni\grosse_prog\API\Help\fti\FTI_103.json
D:\awillkomm\projekte\Uni\grosse_prog\API\Help\Working\Output\Website\fti\FTI_104.json -&gt; D:\awillkomm\projekte\Uni\grosse_prog\API\Help\fti\FTI_104.json
D:\awillkomm\projekte\Uni\grosse_prog\API\Help\Working\Output\Website\fti\FTI_105.json -&gt; D:\awillkomm\projekte\Uni\grosse_prog\API\Help\fti\FTI_105.json
D:\awillkomm\projekte\Uni\grosse_prog\API\Help\Working\Output\Website\fti\FTI_107.json -&gt; D:\awillkomm\projekte\Uni\grosse_prog\API\Help\fti\FTI_107.json
D:\awillkomm\projekte\Uni\grosse_prog\API\Help\Working\Output\Website\fti\FTI_108.json -&gt; D:\awillkomm\projekte\Uni\grosse_prog\API\Help\fti\FTI_108.json
D:\awillkomm\projekte\Uni\grosse_prog\API\Help\Working\Output\Website\fti\FTI_109.json -&gt; D:\awillkomm\projekte\Uni\grosse_prog\API\Help\fti\FTI_109.json
D:\awillkomm\projekte\Uni\grosse_prog\API\Help\Working\Output\Website\fti\FTI_110.json -&gt; D:\awillkomm\projekte\Uni\grosse_prog\API\Help\fti\FTI_110.json
D:\awillkomm\projekte\Uni\grosse_prog\API\Help\Working\Output\Website\fti\FTI_111.json -&gt; D:\awillkomm\projekte\Uni\grosse_prog\API\Help\fti\FTI_111.json
D:\awillkomm\projekte\Uni\grosse_prog\API\Help\Working\Output\Website\fti\FTI_112.json -&gt; D:\awillkomm\projekte\Uni\grosse_prog\API\Help\fti\FTI_112.json
D:\awillkomm\projekte\Uni\grosse_prog\API\Help\Working\Output\Website\fti\FTI_114.json -&gt; D:\awillkomm\projekte\Uni\grosse_prog\API\Help\fti\FTI_114.json
D:\awillkomm\projekte\Uni\grosse_prog\API\Help\Working\Output\Website\fti\FTI_115.json -&gt; D:\awillkomm\projekte\Uni\grosse_prog\API\Help\fti\FTI_115.json
D:\awillkomm\projekte\Uni\grosse_prog\API\Help\Working\Output\Website\fti\FTI_116.json -&gt; D:\awillkomm\projekte\Uni\grosse_prog\API\Help\fti\FTI_116.json
D:\awillkomm\projekte\Uni\grosse_prog\API\Help\Working\Output\Website\fti\FTI_117.json -&gt; D:\awillkomm\projekte\Uni\grosse_prog\API\Help\fti\FTI_117.json
D:\awillkomm\projekte\Uni\grosse_prog\API\Help\Working\Output\Website\fti\FTI_118.json -&gt; D:\awillkomm\projekte\Uni\grosse_prog\API\Help\fti\FTI_118.json
D:\awillkomm\projekte\Uni\grosse_prog\API\Help\Working\Output\Website\fti\FTI_119.json -&gt; D:\awillkomm\projekte\Uni\grosse_prog\API\Help\fti\FTI_119.json
D:\awillkomm\projekte\Uni\grosse_prog\API\Help\Working\Output\Website\fti\FTI_122.json -&gt; D:\awillkomm\projekte\Uni\grosse_prog\API\Help\fti\FTI_122.json
D:\awillkomm\projekte\Uni\grosse_prog\API\Help\Working\Output\Website\fti\FTI_97.json -&gt; D:\awillkomm\projekte\Uni\grosse_prog\API\Help\fti\FTI_97.json
D:\awillkomm\projekte\Uni\grosse_prog\API\Help\Working\Output\Website\fti\FTI_98.json -&gt; D:\awillkomm\projekte\Uni\grosse_prog\API\Help\fti\FTI_98.json
D:\awillkomm\projekte\Uni\grosse_prog\API\Help\Working\Output\Website\fti\FTI_99.json -&gt; D:\awillkomm\projekte\Uni\grosse_prog\API\Help\fti\FTI_99.json
D:\awillkomm\projekte\Uni\grosse_prog\API\Help\Working\Output\Website\fti\FTI_Files.json -&gt; D:\awillkomm\projekte\Uni\grosse_prog\API\Help\fti\FTI_Files.json
D:\awillkomm\projekte\Uni\grosse_prog\API\Help\Working\Output\Website\html\049b4390-ab31-791b-600b-3380a98d0347.htm -&gt; D:\awillkomm\projekte\Uni\grosse_prog\API\Help\html\049b4390-ab31-791b-600b-3380a98d0347.htm
D:\awillkomm\projekte\Uni\grosse_prog\API\Help\Working\Output\Website\html\0b0ede47-455e-a297-b2d8-f76491c114a6.htm -&gt; D:\awillkomm\projekte\Uni\grosse_prog\API\Help\html\0b0ede47-455e-a297-b2d8-f76491c114a6.htm
D:\awillkomm\projekte\Uni\grosse_prog\API\Help\Working\Output\Website\html\19a0afb1-4141-8c6e-6aab-70c450b90504.htm -&gt; D:\awillkomm\projekte\Uni\grosse_prog\API\Help\html\19a0afb1-4141-8c6e-6aab-70c450b90504.htm
D:\awillkomm\projekte\Uni\grosse_prog\API\Help\Working\Output\Website\html\1a587955-431e-5242-4e91-39b11c1c2f07.htm -&gt; D:\awillkomm\projekte\Uni\grosse_prog\API\Help\html\1a587955-431e-5242-4e91-39b11c1c2f07.htm
D:\awillkomm\projekte\Uni\grosse_prog\API\Help\Working\Output\Website\html\1cf287ef-fec0-b2fb-183c-9e8b0b60dd1c.htm -&gt; D:\awillkomm\projekte\Uni\grosse_prog\API\Help\html\1cf287ef-fec0-b2fb-183c-9e8b0b60dd1c.htm
D:\awillkomm\projekte\Uni\grosse_prog\API\Help\Working\Output\Website\html\1e2c30aa-9cf8-4971-9864-0858af703f07.htm -&gt; D:\awillkomm\projekte\Uni\grosse_prog\API\Help\html\1e2c30aa-9cf8-4971-9864-0858af703f07.htm
D:\awillkomm\projekte\Uni\grosse_prog\API\Help\Working\Output\Website\html\20236e40-1634-c91c-b766-97d917992df8.htm -&gt; D:\awillkomm\projekte\Uni\grosse_prog\API\Help\html\20236e40-1634-c91c-b766-97d917992df8.htm
D:\awillkomm\projekte\Uni\grosse_prog\API\Help\Working\Output\Website\html\2afdab74-ca1c-92a2-4016-90fc97432075.htm -&gt; D:\awillkomm\projekte\Uni\grosse_prog\API\Help\html\2afdab74-ca1c-92a2-4016-90fc97432075.htm
D:\awillkomm\projekte\Uni\grosse_prog\API\Help\Working\Output\Website\html\2ce4eb09-785c-9f81-bbb1-09fe98607feb.htm -&gt; D:\awillkomm\projekte\Uni\grosse_prog\API\Help\html\2ce4eb09-785c-9f81-bbb1-09fe98607feb.htm
D:\awillkomm\projekte\Uni\grosse_prog\API\Help\Working\Output\Website\html\2e377aae-6db0-9d7e-8276-605363dc28f2.htm -&gt; D:\awillkomm\projekte\Uni\grosse_prog\API\Help\html\2e377aae-6db0-9d7e-8276-605363dc28f2.htm
D:\awillkomm\projekte\Uni\grosse_prog\API\Help\Working\Output\Website\html\2f63bc3f-2252-065f-67cd-9514dcfcc165.htm -&gt; D:\awillkomm\projekte\Uni\grosse_prog\API\Help\html\2f63bc3f-2252-065f-67cd-9514dcfcc165.htm
D:\awillkomm\projekte\Uni\grosse_prog\API\Help\Working\Output\Website\html\34189de4-663b-b214-3155-6e77cf153f94.htm -&gt; D:\awillkomm\projekte\Uni\grosse_prog\API\Help\html\34189de4-663b-b214-3155-6e77cf153f94.htm
D:\awillkomm\projekte\Uni\grosse_prog\API\Help\Working\Output\Website\html\3b354b1c-c4e3-acf4-aeed-78a9332599df.htm -&gt; D:\awillkomm\projekte\Uni\grosse_prog\API\Help\html\3b354b1c-c4e3-acf4-aeed-78a9332599df.htm
D:\awillkomm\projekte\Uni\grosse_prog\API\Help\Working\Output\Website\html\41ab0bf5-3e78-b11b-7112-5c0214b3bb7f.htm -&gt; D:\awillkomm\projekte\Uni\grosse_prog\API\Help\html\41ab0bf5-3e78-b11b-7112-5c0214b3bb7f.htm
D:\awillkomm\projekte\Uni\grosse_prog\API\Help\Working\Output\Website\html\471b34e6-37f1-ea3b-544a-813925540a9b.htm -&gt; D:\awillkomm\projekte\Uni\grosse_prog\API\Help\html\471b34e6-37f1-ea3b-544a-813925540a9b.htm
D:\awillkomm\projekte\Uni\grosse_prog\API\Help\Working\Output\Website\html\51e1eca6-00a5-7ed4-2f72-7a20a99dd8ff.htm -&gt; D:\awillkomm\projekte\Uni\grosse_prog\API\Help\html\51e1eca6-00a5-7ed4-2f72-7a20a99dd8ff.htm
D:\awillkomm\projekte\Uni\grosse_prog\API\Help\Working\Output\Website\html\56df7537-c3f7-85a3-2388-d95d7541d399.htm -&gt; D:\awillkomm\projekte\Uni\grosse_prog\API\Help\html\56df7537-c3f7-85a3-2388-d95d7541d399.htm
D:\awillkomm\projekte\Uni\grosse_prog\API\Help\Working\Output\Website\html\59105585-0429-5c52-2216-19f86cc63fa0.htm -&gt; D:\awillkomm\projekte\Uni\grosse_prog\API\Help\html\59105585-0429-5c52-2216-19f86cc63fa0.htm
D:\awillkomm\projekte\Uni\grosse_prog\API\Help\Working\Output\Website\html\5d91993c-35f0-8914-4c18-f4ed84b9fc1d.htm -&gt; D:\awillkomm\projekte\Uni\grosse_prog\API\Help\html\5d91993c-35f0-8914-4c18-f4ed84b9fc1d.htm
D:\awillkomm\projekte\Uni\grosse_prog\API\Help\Working\Output\Website\html\5e0f604c-0666-24ed-2370-f4e55fdca8c8.htm -&gt; D:\awillkomm\projekte\Uni\grosse_prog\API\Help\html\5e0f604c-0666-24ed-2370-f4e55fdca8c8.htm
D:\awillkomm\projekte\Uni\grosse_prog\API\Help\Working\Output\Website\html\6bdbf552-8e17-19eb-5651-d12f29979cb1.htm -&gt; D:\awillkomm\projekte\Uni\grosse_prog\API\Help\html\6bdbf552-8e17-19eb-5651-d12f29979cb1.htm
D:\awillkomm\projekte\Uni\grosse_prog\API\Help\Working\Output\Website\html\6e6d0e40-2868-7731-d369-f7e26cfbd2ee.htm -&gt; D:\awillkomm\projekte\Uni\grosse_prog\API\Help\html\6e6d0e40-2868-7731-d369-f7e26cfbd2ee.htm
D:\awillkomm\projekte\Uni\grosse_prog\API\Help\Working\Output\Website\html\71b216a8-33db-db63-276c-7d8039af933f.htm -&gt; D:\awillkomm\projekte\Uni\grosse_prog\API\Help\html\71b216a8-33db-db63-276c-7d8039af933f.htm
D:\awillkomm\projekte\Uni\grosse_prog\API\Help\Working\Output\Website\html\768899a6-3ddf-cf21-97b9-84ee66e3ce20.htm -&gt; D:\awillkomm\projekte\Uni\grosse_prog\API\Help\html\768899a6-3ddf-cf21-97b9-84ee66e3ce20.htm
D:\awillkomm\projekte\Uni\grosse_prog\API\Help\Working\Output\Website\html\7824b372-1797-e8a5-e9d2-fdf9375dd08b.htm -&gt; D:\awillkomm\projekte\Uni\grosse_prog\API\Help\html\7824b372-1797-e8a5-e9d2-fdf9375dd08b.htm
D:\awillkomm\projekte\Uni\grosse_prog\API\Help\Working\Output\Website\html\7dec9367-46e1-9107-c290-0a554776a5a0.htm -&gt; D:\awillkomm\projekte\Uni\grosse_prog\API\Help\html\7dec9367-46e1-9107-c290-0a554776a5a0.htm
D:\awillkomm\projekte\Uni\grosse_prog\API\Help\Working\Output\Website\html\7ea90c7e-9e7e-0cfb-b1e4-d9ac86b8bd42.htm -&gt; D:\awillkomm\projekte\Uni\grosse_prog\API\Help\html\7ea90c7e-9e7e-0cfb-b1e4-d9ac86b8bd42.htm
D:\awillkomm\projekte\Uni\grosse_prog\API\Help\Working\Output\Website\html\817dc955-b394-6e28-5836-1095a26d9177.htm -&gt; D:\awillkomm\projekte\Uni\grosse_prog\API\Help\html\817dc955-b394-6e28-5836-1095a26d9177.htm
D:\awillkomm\projekte\Uni\grosse_prog\API\Help\Working\Output\Website\html\840b92ae-de65-62f3-55ff-602bd8fe5303.htm -&gt; D:\awillkomm\projekte\Uni\grosse_prog\API\Help\html\840b92ae-de65-62f3-55ff-602bd8fe5303.htm
D:\awillkomm\projekte\Uni\grosse_prog\API\Help\Working\Output\Website\html\85137d7e-e4d0-946c-1508-e2e4337ea65f.htm -&gt; D:\awillkomm\projekte\Uni\grosse_prog\API\Help\html\85137d7e-e4d0-946c-1508-e2e4337ea65f.htm
D:\awillkomm\projekte\Uni\grosse_prog\API\Help\Working\Output\Website\html\8b59e9ac-cb7d-c6d1-c377-fc8125ddea37.htm -&gt; D:\awillkomm\projekte\Uni\grosse_prog\API\Help\html\8b59e9ac-cb7d-c6d1-c377-fc8125ddea37.htm
D:\awillkomm\projekte\Uni\grosse_prog\API\Help\Working\Output\Website\html\8c8bcac1-e10b-1c70-2d5f-21d9e70cadff.htm -&gt; D:\awillkomm\projekte\Uni\grosse_prog\API\Help\html\8c8bcac1-e10b-1c70-2d5f-21d9e70cadff.htm
D:\awillkomm\projekte\Uni\grosse_prog\API\Help\Working\Output\Website\html\8fa58ee9-b397-d90d-a7e1-05702ccd746b.htm -&gt; D:\awillkomm\projekte\Uni\grosse_prog\API\Help\html\8fa58ee9-b397-d90d-a7e1-05702ccd746b.htm
D:\awillkomm\projekte\Uni\grosse_prog\API\Help\Working\Output\Website\html\91ed2564-d088-da7b-b31a-3811410a4597.htm -&gt; D:\awillkomm\projekte\Uni\grosse_prog\API\Help\html\91ed2564-d088-da7b-b31a-3811410a4597.htm
D:\awillkomm\projekte\Uni\grosse_prog\API\Help\Working\Output\Website\html\96f28dfd-2c23-c332-ac2f-6930f1f93bf9.htm -&gt; D:\awillkomm\projekte\Uni\grosse_prog\API\Help\html\96f28dfd-2c23-c332-ac2f-6930f1f93bf9.htm
D:\awillkomm\projekte\Uni\grosse_prog\API\Help\Working\Output\Website\html\9f2ceef5-1ec7-23d1-7930-1297f0f54eee.htm -&gt; D:\awillkomm\projekte\Uni\grosse_prog\API\Help\html\9f2ceef5-1ec7-23d1-7930-1297f0f54eee.htm
D:\awillkomm\projekte\Uni\grosse_prog\API\Help\Working\Output\Website\html\a089dfbe-3f02-b180-fa6b-f21d9231bdc8.htm -&gt; D:\awillkomm\projekte\Uni\grosse_prog\API\Help\html\a089dfbe-3f02-b180-fa6b-f21d9231bdc8.htm
D:\awillkomm\projekte\Uni\grosse_prog\API\Help\Working\Output\Website\html\a17d011b-15cd-7c0a-cc39-170197035721.htm -&gt; D:\awillkomm\projekte\Uni\grosse_prog\API\Help\html\a17d011b-15cd-7c0a-cc39-170197035721.htm
D:\awillkomm\projekte\Uni\grosse_prog\API\Help\Working\Output\Website\html\a1abae32-29da-972e-9103-585c2c9fc8b5.htm -&gt; D:\awillkomm\projekte\Uni\grosse_prog\API\Help\html\a1abae32-29da-972e-9103-585c2c9fc8b5.htm
D:\awillkomm\projekte\Uni\grosse_prog\API\Help\Working\Output\Website\html\a4f3a8fa-1737-8474-2d0a-0de85919bb45.htm -&gt; D:\awillkomm\projekte\Uni\grosse_prog\API\Help\html\a4f3a8fa-1737-8474-2d0a-0de85919bb45.htm
D:\awillkomm\projekte\Uni\grosse_prog\API\Help\Working\Output\Website\html\aacbb373-4b68-cf7e-a3e4-8aeb130a7f29.htm -&gt; D:\awillkomm\projekte\Uni\grosse_prog\API\Help\html\aacbb373-4b68-cf7e-a3e4-8aeb130a7f29.htm
D:\awillkomm\projekte\Uni\grosse_prog\API\Help\Working\Output\Website\html\afc63768-e88e-c507-c787-e22ff0691f6c.htm -&gt; D:\awillkomm\projekte\Uni\grosse_prog\API\Help\html\afc63768-e88e-c507-c787-e22ff0691f6c.htm
D:\awillkomm\projekte\Uni\grosse_prog\API\Help\Working\Output\Website\html\b2a4d1db-8ccc-902c-c435-76dc75775b9d.htm -&gt; D:\awillkomm\projekte\Uni\grosse_prog\API\Help\html\b2a4d1db-8ccc-902c-c435-76dc75775b9d.htm
D:\awillkomm\projekte\Uni\grosse_prog\API\Help\Working\Output\Website\html\b2d45d53-76f8-19f0-236d-3bd6cf583d7c.htm -&gt; D:\awillkomm\projekte\Uni\grosse_prog\API\Help\html\b2d45d53-76f8-19f0-236d-3bd6cf583d7c.htm
D:\awillkomm\projekte\Uni\grosse_prog\API\Help\Working\Output\Website\html\b2f49e04-36f0-0939-280d-01a715455045.htm -&gt; D:\awillkomm\projekte\Uni\grosse_prog\API\Help\html\b2f49e04-36f0-0939-280d-01a715455045.htm
D:\awillkomm\projekte\Uni\grosse_prog\API\Help\Working\Output\Website\html\b4ed9f37-bf8b-db46-d5e0-4b07f4c8ca97.htm -&gt; D:\awillkomm\projekte\Uni\grosse_prog\API\Help\html\b4ed9f37-bf8b-db46-d5e0-4b07f4c8ca97.htm
D:\awillkomm\projekte\Uni\grosse_prog\API\Help\Working\Output\Website\html\bde43e1a-868a-679e-f1f2-86c727683480.htm -&gt; D:\awillkomm\projekte\Uni\grosse_prog\API\Help\html\bde43e1a-868a-679e-f1f2-86c727683480.htm
D:\awillkomm\projekte\Uni\grosse_prog\API\Help\Working\Output\Website\html\be7fadd0-b950-4afb-c969-9ccd5643a218.htm -&gt; D:\awillkomm\projekte\Uni\grosse_prog\API\Help\html\be7fadd0-b950-4afb-c969-9ccd5643a218.htm
D:\awillkomm\projekte\Uni\grosse_prog\API\Help\Working\Output\Website\html\cd282d84-7226-4eef-a437-2eb20d6c0106.htm -&gt; D:\awillkomm\projekte\Uni\grosse_prog\API\Help\html\cd282d84-7226-4eef-a437-2eb20d6c0106.htm
D:\awillkomm\projekte\Uni\grosse_prog\API\Help\Working\Output\Website\html\cf71e04d-460e-af7f-d41a-564a68cb6c90.htm -&gt; D:\awillkomm\projekte\Uni\grosse_prog\API\Help\html\cf71e04d-460e-af7f-d41a-564a68cb6c90.htm
D:\awillkomm\projekte\Uni\grosse_prog\API\Help\Working\Output\Website\html\d41006ef-025f-964b-1326-f845765484f3.htm -&gt; D:\awillkomm\projekte\Uni\grosse_prog\API\Help\html\d41006ef-025f-964b-1326-f845765484f3.htm
D:\awillkomm\projekte\Uni\grosse_prog\API\Help\Working\Output\Website\html\d7bc4839-f7e7-4e3b-7912-2d41012cecce.htm -&gt; D:\awillkomm\projekte\Uni\grosse_prog\API\Help\html\d7bc4839-f7e7-4e3b-7912-2d41012cecce.htm
D:\awillkomm\projekte\Uni\grosse_prog\API\Help\Working\Output\Website\html\d835933e-015e-9ee2-b078-9b5d1becc177.htm -&gt; D:\awillkomm\projekte\Uni\grosse_prog\API\Help\html\d835933e-015e-9ee2-b078-9b5d1becc177.htm
D:\awillkomm\projekte\Uni\grosse_prog\API\Help\Working\Output\Website\html\e3f7c805-de7a-2026-7f4c-f3f7c58049d5.htm -&gt; D:\awillkomm\projekte\Uni\grosse_prog\API\Help\html\e3f7c805-de7a-2026-7f4c-f3f7c58049d5.htm
D:\awillkomm\projekte\Uni\grosse_prog\API\Help\Working\Output\Website\html\e6ea8fa5-08b2-842f-f063-0a0c1e68664b.htm -&gt; D:\awillkomm\projekte\Uni\grosse_prog\API\Help\html\e6ea8fa5-08b2-842f-f063-0a0c1e68664b.htm
D:\awillkomm\projekte\Uni\grosse_prog\API\Help\Working\Output\Website\html\eca1e823-86b8-59f5-60b8-3c1194696f9b.htm -&gt; D:\awillkomm\projekte\Uni\grosse_prog\API\Help\html\eca1e823-86b8-59f5-60b8-3c1194696f9b.htm
D:\awillkomm\projekte\Uni\grosse_prog\API\Help\Working\Output\Website\html\f127e03d-5398-d0ee-37e8-2d2677dbf0e0.htm -&gt; D:\awillkomm\projekte\Uni\grosse_prog\API\Help\html\f127e03d-5398-d0ee-37e8-2d2677dbf0e0.htm
D:\awillkomm\projekte\Uni\grosse_prog\API\Help\Working\Output\Website\icons\adm.gif -&gt; D:\awillkomm\projekte\Uni\grosse_prog\API\Help\icons\adm.gif
D:\awillkomm\projekte\Uni\grosse_prog\API\Help\Working\Output\Website\icons\adm_arch.gif -&gt; D:\awillkomm\projekte\Uni\grosse_prog\API\Help\icons\adm_arch.gif
D:\awillkomm\projekte\Uni\grosse_prog\API\Help\Working\Output\Website\icons\adm_dev.gif -&gt; D:\awillkomm\projekte\Uni\grosse_prog\API\Help\icons\adm_dev.gif
D:\awillkomm\projekte\Uni\grosse_prog\API\Help\Working\Output\Website\icons\adm_dev_arch.gif -&gt; D:\awillkomm\projekte\Uni\grosse_prog\API\Help\icons\adm_dev_arch.gif
D:\awillkomm\projekte\Uni\grosse_prog\API\Help\Working\Output\Website\icons\alert_caution.gif -&gt; D:\awillkomm\projekte\Uni\grosse_prog\API\Help\icons\alert_caution.gif
D:\awillkomm\projekte\Uni\grosse_prog\API\Help\Working\Output\Website\icons\alert_note.gif -&gt; D:\awillkomm\projekte\Uni\grosse_prog\API\Help\icons\alert_note.gif
D:\awillkomm\projekte\Uni\grosse_prog\API\Help\Working\Output\Website\icons\alert_security.gif -&gt; D:\awillkomm\projekte\Uni\grosse_prog\API\Help\icons\alert_security.gif
D:\awillkomm\projekte\Uni\grosse_prog\API\Help\Working\Output\Website\icons\arch.gif -&gt; D:\awillkomm\projekte\Uni\grosse_prog\API\Help\icons\arch.gif
D:\awillkomm\projekte\Uni\grosse_prog\API\Help\Working\Output\Website\icons\big_adm.gif -&gt; D:\awillkomm\projekte\Uni\grosse_prog\API\Help\icons\big_adm.gif
D:\awillkomm\projekte\Uni\grosse_prog\API\Help\Working\Output\Website\icons\big_arch.gif -&gt; D:\awillkomm\projekte\Uni\grosse_prog\API\Help\icons\big_arch.gif
D:\awillkomm\projekte\Uni\grosse_prog\API\Help\Working\Output\Website\icons\big_dev.gif -&gt; D:\awillkomm\projekte\Uni\grosse_prog\API\Help\icons\big_dev.gif
D:\awillkomm\projekte\Uni\grosse_prog\API\Help\Working\Output\Website\icons\big_kw.gif -&gt; D:\awillkomm\projekte\Uni\grosse_prog\API\Help\icons\big_kw.gif
D:\awillkomm\projekte\Uni\grosse_prog\API\Help\Working\Output\Website\icons\box.gif -&gt; D:\awillkomm\projekte\Uni\grosse_prog\API\Help\icons\box.gif
D:\awillkomm\projekte\Uni\grosse_prog\API\Help\Working\Output\Website\icons\Caution.gif -&gt; D:\awillkomm\projekte\Uni\grosse_prog\API\Help\icons\Caution.gif
D:\awillkomm\projekte\Uni\grosse_prog\API\Help\Working\Output\Website\icons\CFW.gif -&gt; D:\awillkomm\projekte\Uni\grosse_prog\API\Help\icons\CFW.gif
D:\awillkomm\projekte\Uni\grosse_prog\API\Help\Working\Output\Website\icons\collall.gif -&gt; D:\awillkomm\projekte\Uni\grosse_prog\API\Help\icons\collall.gif
D:\awillkomm\projekte\Uni\grosse_prog\API\Help\Working\Output\Website\icons\collapse.gif -&gt; D:\awillkomm\projekte\Uni\grosse_prog\API\Help\icons\collapse.gif
D:\awillkomm\projekte\Uni\grosse_prog\API\Help\Working\Output\Website\icons\collapse_all.gif -&gt; D:\awillkomm\projekte\Uni\grosse_prog\API\Help\icons\collapse_all.gif
D:\awillkomm\projekte\Uni\grosse_prog\API\Help\Working\Output\Website\icons\copycode.gif -&gt; D:\awillkomm\projekte\Uni\grosse_prog\API\Help\icons\copycode.gif
D:\awillkomm\projekte\Uni\grosse_prog\API\Help\Working\Output\Website\icons\copycodeHighlight.gif -&gt; D:\awillkomm\projekte\Uni\grosse_prog\API\Help\icons\copycodeHighlight.gif
D:\awillkomm\projekte\Uni\grosse_prog\API\Help\Working\Output\Website\icons\dev.gif -&gt; D:\awillkomm\projekte\Uni\grosse_prog\API\Help\icons\dev.gif
D:\awillkomm\projekte\Uni\grosse_prog\API\Help\Working\Output\Website\icons\dev_arch.gif -&gt; D:\awillkomm\projekte\Uni\grosse_prog\API\Help\icons\dev_arch.gif
D:\awillkomm\projekte\Uni\grosse_prog\API\Help\Working\Output\Website\icons\dropdown.gif -&gt; D:\awillkomm\projekte\Uni\grosse_prog\API\Help\icons\dropdown.gif
D:\awillkomm\projekte\Uni\grosse_prog\API\Help\Working\Output\Website\icons\dropdownHover.gif -&gt; D:\awillkomm\projekte\Uni\grosse_prog\API\Help\icons\dropdownHover.gif
D:\awillkomm\projekte\Uni\grosse_prog\API\Help\Working\Output\Website\icons\drpdown.gif -&gt; D:\awillkomm\projekte\Uni\grosse_prog\API\Help\icons\drpdown.gif
D:\awillkomm\projekte\Uni\grosse_prog\API\Help\Working\Output\Website\icons\drpdown_orange.gif -&gt; D:\awillkomm\projekte\Uni\grosse_prog\API\Help\icons\drpdown_orange.gif
D:\awillkomm\projekte\Uni\grosse_prog\API\Help\Working\Output\Website\icons\drpdown_orange_up.gif -&gt; D:\awillkomm\projekte\Uni\grosse_prog\API\Help\icons\drpdown_orange_up.gif
D:\awillkomm\projekte\Uni\grosse_prog\API\Help\Working\Output\Website\icons\drpup.gif -&gt; D:\awillkomm\projekte\Uni\grosse_prog\API\Help\icons\drpup.gif
D:\awillkomm\projekte\Uni\grosse_prog\API\Help\Working\Output\Website\icons\exp.gif -&gt; D:\awillkomm\projekte\Uni\grosse_prog\API\Help\icons\exp.gif
D:\awillkomm\projekte\Uni\grosse_prog\API\Help\Working\Output\Website\icons\expall.gif -&gt; D:\awillkomm\projekte\Uni\grosse_prog\API\Help\icons\expall.gif
D:\awillkomm\projekte\Uni\grosse_prog\API\Help\Working\Output\Website\icons\expand_all.gif -&gt; D:\awillkomm\projekte\Uni\grosse_prog\API\Help\icons\expand_all.gif
D:\awillkomm\projekte\Uni\grosse_prog\API\Help\Working\Output\Website\icons\filter1a.gif -&gt; D:\awillkomm\projekte\Uni\grosse_prog\API\Help\icons\filter1a.gif
D:\awillkomm\projekte\Uni\grosse_prog\API\Help\Working\Output\Website\icons\filter1c.gif -&gt; D:\awillkomm\projekte\Uni\grosse_prog\API\Help\icons\filter1c.gif
D:\awillkomm\projekte\Uni\grosse_prog\API\Help\Working\Output\Website\icons\footer.gif -&gt; D:\awillkomm\projekte\Uni\grosse_prog\API\Help\icons\footer.gif
D:\awillkomm\projekte\Uni\grosse_prog\API\Help\Working\Output\Website\icons\gradient.gif -&gt; D:\awillkomm\projekte\Uni\grosse_prog\API\Help\icons\gradient.gif
D:\awillkomm\projekte\Uni\grosse_prog\API\Help\Working\Output\Website\icons\greencheck.gif -&gt; D:\awillkomm\projekte\Uni\grosse_prog\API\Help\icons\greencheck.gif
D:\awillkomm\projekte\Uni\grosse_prog\API\Help\Working\Output\Website\icons\greychck.gif -&gt; D:\awillkomm\projekte\Uni\grosse_prog\API\Help\icons\greychck.gif
D:\awillkomm\projekte\Uni\grosse_prog\API\Help\Working\Output\Website\icons\header_prev_next.jpg -&gt; D:\awillkomm\projekte\Uni\grosse_prog\API\Help\icons\header_prev_next.jpg
D:\awillkomm\projekte\Uni\grosse_prog\API\Help\Working\Output\Website\icons\header_sql_tutorial_blank.jpg -&gt; D:\awillkomm\projekte\Uni\grosse_prog\API\Help\icons\header_sql_tutorial_blank.jpg
D:\awillkomm\projekte\Uni\grosse_prog\API\Help\Working\Output\Website\icons\header_sql_tutorial_logo.GIF -&gt; D:\awillkomm\projekte\Uni\grosse_prog\API\Help\icons\header_sql_tutorial_logo.GIF
D:\awillkomm\projekte\Uni\grosse_prog\API\Help\Working\Output\Website\icons\kw.gif -&gt; D:\awillkomm\projekte\Uni\grosse_prog\API\Help\icons\kw.gif
D:\awillkomm\projekte\Uni\grosse_prog\API\Help\Working\Output\Website\icons\kw_adm.gif -&gt; D:\awillkomm\projekte\Uni\grosse_prog\API\Help\icons\kw_adm.gif
D:\awillkomm\projekte\Uni\grosse_prog\API\Help\Working\Output\Website\icons\kw_adm_arch.gif -&gt; D:\awillkomm\projekte\Uni\grosse_prog\API\Help\icons\kw_adm_arch.gif
D:\awillkomm\projekte\Uni\grosse_prog\API\Help\Working\Output\Website\icons\kw_adm_dev.gif -&gt; D:\awillkomm\projekte\Uni\grosse_prog\API\Help\icons\kw_adm_dev.gif
D:\awillkomm\projekte\Uni\grosse_prog\API\Help\Working\Output\Website\icons\kw_adm_dev_arch.gif -&gt; D:\awillkomm\projekte\Uni\grosse_prog\API\Help\icons\kw_adm_dev_arch.gif
D:\awillkomm\projekte\Uni\grosse_prog\API\Help\Working\Output\Website\icons\kw_arch.gif -&gt; D:\awillkomm\projekte\Uni\grosse_prog\API\Help\icons\kw_arch.gif
D:\awillkomm\projekte\Uni\grosse_prog\API\Help\Working\Output\Website\icons\kw_dev.gif -&gt; D:\awillkomm\projekte\Uni\grosse_prog\API\Help\icons\kw_dev.gif
D:\awillkomm\projekte\Uni\grosse_prog\API\Help\Working\Output\Website\icons\kw_dev_arch.gif -&gt; D:\awillkomm\projekte\Uni\grosse_prog\API\Help\icons\kw_dev_arch.gif
D:\awillkomm\projekte\Uni\grosse_prog\API\Help\Working\Output\Website\icons\LastChild.gif -&gt; D:\awillkomm\projekte\Uni\grosse_prog\API\Help\icons\LastChild.gif
D:\awillkomm\projekte\Uni\grosse_prog\API\Help\Working\Output\Website\icons\load.gif -&gt; D:\awillkomm\projekte\Uni\grosse_prog\API\Help\icons\load.gif
D:\awillkomm\projekte\Uni\grosse_prog\API\Help\Working\Output\Website\icons\load_hover.gif -&gt; D:\awillkomm\projekte\Uni\grosse_prog\API\Help\icons\load_hover.gif
D:\awillkomm\projekte\Uni\grosse_prog\API\Help\Working\Output\Website\icons\note.gif -&gt; D:\awillkomm\projekte\Uni\grosse_prog\API\Help\icons\note.gif
D:\awillkomm\projekte\Uni\grosse_prog\API\Help\Working\Output\Website\icons\pencil.GIF -&gt; D:\awillkomm\projekte\Uni\grosse_prog\API\Help\icons\pencil.GIF
D:\awillkomm\projekte\Uni\grosse_prog\API\Help\Working\Output\Website\icons\privclass.gif -&gt; D:\awillkomm\projekte\Uni\grosse_prog\API\Help\icons\privclass.gif
D:\awillkomm\projekte\Uni\grosse_prog\API\Help\Working\Output\Website\icons\privdelegate.gif -&gt; D:\awillkomm\projekte\Uni\grosse_prog\API\Help\icons\privdelegate.gif
D:\awillkomm\projekte\Uni\grosse_prog\API\Help\Working\Output\Website\icons\privenum.gif -&gt; D:\awillkomm\projekte\Uni\grosse_prog\API\Help\icons\privenum.gif
D:\awillkomm\projekte\Uni\grosse_prog\API\Help\Working\Output\Website\icons\privenumeration.gif -&gt; D:\awillkomm\projekte\Uni\grosse_prog\API\Help\icons\privenumeration.gif
D:\awillkomm\projekte\Uni\grosse_prog\API\Help\Working\Output\Website\icons\privevent.gif -&gt; D:\awillkomm\projekte\Uni\grosse_prog\API\Help\icons\privevent.gif
D:\awillkomm\projekte\Uni\grosse_prog\API\Help\Working\Output\Website\icons\privextension.gif -&gt; D:\awillkomm\projekte\Uni\grosse_prog\API\Help\icons\privextension.gif
D:\awillkomm\projekte\Uni\grosse_prog\API\Help\Working\Output\Website\icons\privfield.gif -&gt; D:\awillkomm\projekte\Uni\grosse_prog\API\Help\icons\privfield.gif
D:\awillkomm\projekte\Uni\grosse_prog\API\Help\Working\Output\Website\icons\privinterface.gif -&gt; D:\awillkomm\projekte\Uni\grosse_prog\API\Help\icons\privinterface.gif
D:\awillkomm\projekte\Uni\grosse_prog\API\Help\Working\Output\Website\icons\privmethod.gif -&gt; D:\awillkomm\projekte\Uni\grosse_prog\API\Help\icons\privmethod.gif
D:\awillkomm\projekte\Uni\grosse_prog\API\Help\Working\Output\Website\icons\privproperty.gif -&gt; D:\awillkomm\projekte\Uni\grosse_prog\API\Help\icons\privproperty.gif
D:\awillkomm\projekte\Uni\grosse_prog\API\Help\Working\Output\Website\icons\privstructure.gif -&gt; D:\awillkomm\projekte\Uni\grosse_prog\API\Help\icons\privstructure.gif
D:\awillkomm\projekte\Uni\grosse_prog\API\Help\Working\Output\Website\icons\protclass.gif -&gt; D:\awillkomm\projekte\Uni\grosse_prog\API\Help\icons\protclass.gif
D:\awillkomm\projekte\Uni\grosse_prog\API\Help\Working\Output\Website\icons\protdelegate.gif -&gt; D:\awillkomm\projekte\Uni\grosse_prog\API\Help\icons\protdelegate.gif
D:\awillkomm\projekte\Uni\grosse_prog\API\Help\Working\Output\Website\icons\protenum.gif -&gt; D:\awillkomm\projekte\Uni\grosse_prog\API\Help\icons\protenum.gif
D:\awillkomm\projekte\Uni\grosse_prog\API\Help\Working\Output\Website\icons\protenumeration.gif -&gt; D:\awillkomm\projekte\Uni\grosse_prog\API\Help\icons\protenumeration.gif
D:\awillkomm\projekte\Uni\grosse_prog\API\Help\Working\Output\Website\icons\protevent.gif -&gt; D:\awillkomm\projekte\Uni\grosse_prog\API\Help\icons\protevent.gif
D:\awillkomm\projekte\Uni\grosse_prog\API\Help\Working\Output\Website\icons\protextension.gif -&gt; D:\awillkomm\projekte\Uni\grosse_prog\API\Help\icons\protextension.gif
D:\awillkomm\projekte\Uni\grosse_prog\API\Help\Working\Output\Website\icons\protfield.gif -&gt; D:\awillkomm\projekte\Uni\grosse_prog\API\Help\icons\protfield.gif
D:\awillkomm\projekte\Uni\grosse_prog\API\Help\Working\Output\Website\icons\protinterface.gif -&gt; D:\awillkomm\projekte\Uni\grosse_prog\API\Help\icons\protinterface.gif
D:\awillkomm\projekte\Uni\grosse_prog\API\Help\Working\Output\Website\icons\protmethod.gif -&gt; D:\awillkomm\projekte\Uni\grosse_prog\API\Help\icons\protmethod.gif
D:\awillkomm\projekte\Uni\grosse_prog\API\Help\Working\Output\Website\icons\protoperator.gif -&gt; D:\awillkomm\projekte\Uni\grosse_prog\API\Help\icons\protoperator.gif
D:\awillkomm\projekte\Uni\grosse_prog\API\Help\Working\Output\Website\icons\protproperty.gif -&gt; D:\awillkomm\projekte\Uni\grosse_prog\API\Help\icons\protproperty.gif
D:\awillkomm\projekte\Uni\grosse_prog\API\Help\Working\Output\Website\icons\protstructure.gif -&gt; D:\awillkomm\projekte\Uni\grosse_prog\API\Help\icons\protstructure.gif
D:\awillkomm\projekte\Uni\grosse_prog\API\Help\Working\Output\Website\icons\pubclass.gif -&gt; D:\awillkomm\projekte\Uni\grosse_prog\API\Help\icons\pubclass.gif
D:\awillkomm\projekte\Uni\grosse_prog\API\Help\Working\Output\Website\icons\pubdelegate.gif -&gt; D:\awillkomm\projekte\Uni\grosse_prog\API\Help\icons\pubdelegate.gif
D:\awillkomm\projekte\Uni\grosse_prog\API\Help\Working\Output\Website\icons\pubenum.gif -&gt; D:\awillkomm\projekte\Uni\grosse_prog\API\Help\icons\pubenum.gif
D:\awillkomm\projekte\Uni\grosse_prog\API\Help\Working\Output\Website\icons\pubenumeration.gif -&gt; D:\awillkomm\projekte\Uni\grosse_prog\API\Help\icons\pubenumeration.gif
D:\awillkomm\projekte\Uni\grosse_prog\API\Help\Working\Output\Website\icons\pubevent.gif -&gt; D:\awillkomm\projekte\Uni\grosse_prog\API\Help\icons\pubevent.gif
D:\awillkomm\projekte\Uni\grosse_prog\API\Help\Working\Output\Website\icons\pubextension.gif -&gt; D:\awillkomm\projekte\Uni\grosse_prog\API\Help\icons\pubextension.gif
D:\awillkomm\projekte\Uni\grosse_prog\API\Help\Working\Output\Website\icons\pubfield.gif -&gt; D:\awillkomm\projekte\Uni\grosse_prog\API\Help\icons\pubfield.gif
D:\awillkomm\projekte\Uni\grosse_prog\API\Help\Working\Output\Website\icons\pubinterface.gif -&gt; D:\awillkomm\projekte\Uni\grosse_prog\API\Help\icons\pubinterface.gif
D:\awillkomm\projekte\Uni\grosse_prog\API\Help\Working\Output\Website\icons\pubmethod.gif -&gt; D:\awillkomm\projekte\Uni\grosse_prog\API\Help\icons\pubmethod.gif
D:\awillkomm\projekte\Uni\grosse_prog\API\Help\Working\Output\Website\icons\puboperator.gif -&gt; D:\awillkomm\projekte\Uni\grosse_prog\API\Help\icons\puboperator.gif
D:\awillkomm\projekte\Uni\grosse_prog\API\Help\Working\Output\Website\icons\pubproperty.gif -&gt; D:\awillkomm\projekte\Uni\grosse_prog\API\Help\icons\pubproperty.gif
D:\awillkomm\projekte\Uni\grosse_prog\API\Help\Working\Output\Website\icons\pubstructure.gif -&gt; D:\awillkomm\projekte\Uni\grosse_prog\API\Help\icons\pubstructure.gif
D:\awillkomm\projekte\Uni\grosse_prog\API\Help\Working\Output\Website\icons\requirements1a.gif -&gt; D:\awillkomm\projekte\Uni\grosse_prog\API\Help\icons\requirements1a.gif
D:\awillkomm\projekte\Uni\grosse_prog\API\Help\Working\Output\Website\icons\requirements1c.gif -&gt; D:\awillkomm\projekte\Uni\grosse_prog\API\Help\icons\requirements1c.gif
D:\awillkomm\projekte\Uni\grosse_prog\API\Help\Working\Output\Website\icons\save.gif -&gt; D:\awillkomm\projekte\Uni\grosse_prog\API\Help\icons\save.gif
D:\awillkomm\projekte\Uni\grosse_prog\API\Help\Working\Output\Website\icons\save_hover.gif -&gt; D:\awillkomm\projekte\Uni\grosse_prog\API\Help\icons\save_hover.gif
D:\awillkomm\projekte\Uni\grosse_prog\API\Help\Working\Output\Website\icons\security.gif -&gt; D:\awillkomm\projekte\Uni\grosse_prog\API\Help\icons\security.gif
D:\awillkomm\projekte\Uni\grosse_prog\API\Help\Working\Output\Website\icons\seealso1a.gif -&gt; D:\awillkomm\projekte\Uni\grosse_prog\API\Help\icons\seealso1a.gif
D:\awillkomm\projekte\Uni\grosse_prog\API\Help\Working\Output\Website\icons\seealso1c.gif -&gt; D:\awillkomm\projekte\Uni\grosse_prog\API\Help\icons\seealso1c.gif
D:\awillkomm\projekte\Uni\grosse_prog\API\Help\Working\Output\Website\icons\slMobile.gif -&gt; D:\awillkomm\projekte\Uni\grosse_prog\API\Help\icons\slMobile.gif
D:\awillkomm\projekte\Uni\grosse_prog\API\Help\Working\Output\Website\icons\static.gif -&gt; D:\awillkomm\projekte\Uni\grosse_prog\API\Help\icons\static.gif
D:\awillkomm\projekte\Uni\grosse_prog\API\Help\Working\Output\Website\icons\xna.gif -&gt; D:\awillkomm\projekte\Uni\grosse_prog\API\Help\icons\xna.gif
D:\awillkomm\projekte\Uni\grosse_prog\API\Help\Working\Output\Website\scripts\CheckboxMenu.js -&gt; D:\awillkomm\projekte\Uni\grosse_prog\API\Help\scripts\CheckboxMenu.js
D:\awillkomm\projekte\Uni\grosse_prog\API\Help\Working\Output\Website\scripts\CommonUtilities.js -&gt; D:\awillkomm\projekte\Uni\grosse_prog\API\Help\scripts\CommonUtilities.js
D:\awillkomm\projekte\Uni\grosse_prog\API\Help\Working\Output\Website\scripts\Dropdown.js -&gt; D:\awillkomm\projekte\Uni\grosse_prog\API\Help\scripts\Dropdown.js
D:\awillkomm\projekte\Uni\grosse_prog\API\Help\Working\Output\Website\scripts\EventUtilities.js -&gt; D:\awillkomm\projekte\Uni\grosse_prog\API\Help\scripts\EventUtilities.js
D:\awillkomm\projekte\Uni\grosse_prog\API\Help\Working\Output\Website\scripts\script_feedBack.js -&gt; D:\awillkomm\projekte\Uni\grosse_prog\API\Help\scripts\script_feedBack.js
D:\awillkomm\projekte\Uni\grosse_prog\API\Help\Working\Output\Website\scripts\script_manifold.js -&gt; D:\awillkomm\projekte\Uni\grosse_prog\API\Help\scripts\script_manifold.js
D:\awillkomm\projekte\Uni\grosse_prog\API\Help\Working\Output\Website\scripts\SplitScreen.js -&gt; D:\awillkomm\projekte\Uni\grosse_prog\API\Help\scripts\SplitScreen.js
D:\awillkomm\projekte\Uni\grosse_prog\API\Help\Working\Output\Website\styles\Presentation.css -&gt; D:\awillkomm\projekte\Uni\grosse_prog\API\Help\styles\Presentation.css
D:\awillkomm\projekte\Uni\grosse_prog\API\Help\Working\Output\Website\styles\Whidbey\Presentation.css -&gt; D:\awillkomm\projekte\Uni\grosse_prog\API\Help\styles\Whidbey\Presentation.css
    Last step completed in 00:00:01.3884
</buildStep>
<buildStep step="CleanIntermediates">
Removing intermediate files...
    Last step completed in 00:00:00.0936
</buildStep>
<buildStep step="Completed">

Build completed successfully at 05.24.2012 03:58 .  Total time: 00:01:19,8841

</buildStep>
</shfbBuild>
